[Architectury Transformer DEBUG] Closed File Systems for C:\Users\JavaJumper\Documents\GitHub\ImagineBook\versions\1.21.3-neoforge\build\libs\imaginebook-neoforge-2.0.0+1.21.3.jar
[Architectury Transformer DEBUG] Closed File Systems for C:\Users\JavaJumper\Documents\GitHub\ImagineBook\versions\1.21.4-neoforge\build\libs\imaginebook-neoforge-2.0.0+1.21.4.jar
[Architectury Transformer DEBUG] Closed File Systems for C:\Users\JavaJumper\Documents\GitHub\ImagineBook\versions\1.20.4-neoforge\build\libs\imaginebook-neoforge-2.0.0+1.20.4.jar
[Architectury Transformer DEBUG] Closed File Systems for C:\Users\JavaJumper\Documents\GitHub\ImagineBook\versions\1.21.1-neoforge\build\libs\imaginebook-neoforge-2.0.0+1.21.1.jar
[Architectury Transformer DEBUG] Closed File Systems for C:\Users\JavaJumper\Documents\GitHub\ImagineBook\versions\1.20.1-forge\build\libs\imaginebook-forge-2.0.0+1.20.1.jar
[Architectury Transformer DEBUG] Closed File Systems for C:\Users\JavaJumper\Documents\GitHub\ImagineBook\versions\1.21.3-fabric\build\libs\imaginebook-fabric-2.0.0+1.21.3.jar
[Architectury Transformer DEBUG] Closed File Systems for C:\Users\JavaJumper\Documents\GitHub\ImagineBook\versions\1.20.4-fabric\build\libs\imaginebook-fabric-2.0.0+1.20.4.jar
[Architectury Transformer DEBUG] Closed File Systems for C:\Users\JavaJumper\Documents\GitHub\ImagineBook\versions\1.20.1-fabric\build\libs\imaginebook-fabric-2.0.0+1.20.1.jar
[Architectury Transformer DEBUG] Closed File Systems for C:\Users\JavaJumper\Documents\GitHub\ImagineBook\versions\1.21.4-fabric\build\libs\imaginebook-fabric-2.0.0+1.21.4.jar
[Architectury Transformer DEBUG] Closed File Systems for C:\Users\JavaJumper\Documents\GitHub\ImagineBook\versions\1.21.1-fabric\build\libs\imaginebook-fabric-2.0.0+1.21.1.jar
[Architectury Transformer DEBUG] Closed File Systems for C:\Users\JavaJumper\Documents\GitHub\ImagineBook\versions\1.21.3-neoforge\build\libs\imaginebook-neoforge-2.0.0-beta+1.21.3.jar
[Architectury Transformer DEBUG] Closed File Systems for C:\Users\JavaJumper\Documents\GitHub\ImagineBook\versions\1.20.4-neoforge\build\libs\imaginebook-neoforge-2.0.0-beta+1.20.4.jar
[Architectury Transformer DEBUG] Closed File Systems for C:\Users\JavaJumper\Documents\GitHub\ImagineBook\versions\1.21.4-neoforge\build\libs\imaginebook-neoforge-2.0.0-beta+1.21.4.jar
[Architectury Transformer DEBUG] Closed File Systems for C:\Users\JavaJumper\Documents\GitHub\ImagineBook\versions\1.21.1-neoforge\build\libs\imaginebook-neoforge-2.0.0-beta+1.21.1.jar
[Architectury Transformer DEBUG] Closed File Systems for C:\Users\JavaJumper\Documents\GitHub\ImagineBook\versions\1.20.1-forge\build\libs\imaginebook-forge-2.0.0-beta+1.20.1.jar
[Architectury Transformer DEBUG] Closed File Systems for C:\Users\JavaJumper\Documents\GitHub\ImagineBook\versions\1.20.1-fabric\build\libs\imaginebook-fabric-2.0.0-beta+1.20.1.jar
[Architectury Transformer DEBUG] Closed File Systems for C:\Users\JavaJumper\Documents\GitHub\ImagineBook\versions\1.21.4-fabric\build\libs\imaginebook-fabric-2.0.0-beta+1.21.4.jar
[Architectury Transformer DEBUG] Closed File Systems for C:\Users\JavaJumper\Documents\GitHub\ImagineBook\versions\1.21.3-fabric\build\libs\imaginebook-fabric-2.0.0-beta+1.21.3.jar
[Architectury Transformer DEBUG] Closed File Systems for C:\Users\JavaJumper\Documents\GitHub\ImagineBook\versions\1.21.1-fabric\build\libs\imaginebook-fabric-2.0.0-beta+1.21.1.jar
[Architectury Transformer DEBUG] Closed File Systems for C:\Users\JavaJumper\Documents\GitHub\ImagineBook\versions\1.20.4-fabric\build\libs\imaginebook-fabric-2.0.0-beta+1.20.4.jar
[Architectury Transformer DEBUG] Closed File Systems for C:\Users\JavaJumper\Documents\GitHub\ImagineBook\versions\1.20.4-neoforge\build\libs\imaginebook-neoforge-2.0.0-beta+1.20.4.jar
[Architectury Transformer DEBUG] Closed File Systems for C:\Users\JavaJumper\Documents\GitHub\ImagineBook\versions\1.21.3-neoforge\build\libs\imaginebook-neoforge-2.0.0-beta+1.21.3.jar
[Architectury Transformer DEBUG] Closed File Systems for C:\Users\JavaJumper\Documents\GitHub\ImagineBook\versions\1.21.4-neoforge\build\libs\imaginebook-neoforge-2.0.0-beta+1.21.4.jar
[Architectury Transformer DEBUG] Closed File Systems for C:\Users\JavaJumper\Documents\GitHub\ImagineBook\versions\1.21.1-neoforge\build\libs\imaginebook-neoforge-2.0.0-beta+1.21.1.jar
[Architectury Transformer DEBUG] Closed File Systems for C:\Users\JavaJumper\Documents\GitHub\ImagineBook\versions\1.20.1-forge\build\libs\imaginebook-forge-2.0.0-beta+1.20.1.jar
[Architectury Transformer DEBUG] Closed File Systems for C:\Users\JavaJumper\Documents\GitHub\ImagineBook\versions\1.20.4-fabric\build\libs\imaginebook-fabric-2.0.0-beta+1.20.4.jar
[Architectury Transformer DEBUG] Closed File Systems for C:\Users\JavaJumper\Documents\GitHub\ImagineBook\versions\1.20.1-fabric\build\libs\imaginebook-fabric-2.0.0-beta+1.20.1.jar
[Architectury Transformer DEBUG] Closed File Systems for C:\Users\JavaJumper\Documents\GitHub\ImagineBook\versions\1.21.1-fabric\build\libs\imaginebook-fabric-2.0.0-beta+1.21.1.jar
[Architectury Transformer DEBUG] Closed File Systems for C:\Users\JavaJumper\Documents\GitHub\ImagineBook\versions\1.21.3-fabric\build\libs\imaginebook-fabric-2.0.0-beta+1.21.3.jar
[Architectury Transformer DEBUG] Closed File Systems for C:\Users\JavaJumper\Documents\GitHub\ImagineBook\versions\1.21.4-fabric\build\libs\imaginebook-fabric-2.0.0-beta+1.21.4.jar
[Architectury Transformer DEBUG] Closed File Systems for C:\Users\JavaJumper\Documents\GitHub\ImagineBook\versions\1.20.4-neoforge\build\libs\imaginebook-neoforge-2.0.0-beta2+1.20.4.jar
[Architectury Transformer DEBUG] Closed File Systems for C:\Users\JavaJumper\Documents\GitHub\ImagineBook\versions\1.21.1-neoforge\build\libs\imaginebook-neoforge-2.0.0-beta2+1.21.1.jar
[Architectury Transformer DEBUG] Closed File Systems for C:\Users\JavaJumper\Documents\GitHub\ImagineBook\versions\1.21.3-neoforge\build\libs\imaginebook-neoforge-2.0.0-beta2+1.21.3.jar
[Architectury Transformer DEBUG] Closed File Systems for C:\Users\JavaJumper\Documents\GitHub\ImagineBook\versions\1.20.1-forge\build\libs\imaginebook-forge-2.0.0-beta2+1.20.1.jar
[Architectury Transformer DEBUG] Closed File Systems for C:\Users\JavaJumper\Documents\GitHub\ImagineBook\versions\1.21.4-neoforge\build\libs\imaginebook-neoforge-2.0.0-beta2+1.21.4.jar
[Architectury Transformer DEBUG] Closed File Systems for C:\Users\JavaJumper\Documents\GitHub\ImagineBook\versions\1.20.1-fabric\build\libs\imaginebook-fabric-2.0.0-beta2+1.20.1.jar
[Architectury Transformer DEBUG] Closed File Systems for C:\Users\JavaJumper\Documents\GitHub\ImagineBook\versions\1.21.4-fabric\build\libs\imaginebook-fabric-2.0.0-beta2+1.21.4.jar
[Architectury Transformer DEBUG] Closed File Systems for C:\Users\JavaJumper\Documents\GitHub\ImagineBook\versions\1.20.4-fabric\build\libs\imaginebook-fabric-2.0.0-beta2+1.20.4.jar
[Architectury Transformer DEBUG] Closed File Systems for C:\Users\JavaJumper\Documents\GitHub\ImagineBook\versions\1.21.1-fabric\build\libs\imaginebook-fabric-2.0.0-beta2+1.21.1.jar
[Architectury Transformer DEBUG] Closed File Systems for C:\Users\JavaJumper\Documents\GitHub\ImagineBook\versions\1.21.3-fabric\build\libs\imaginebook-fabric-2.0.0-beta2+1.21.3.jar
